# JRE version: Java(TM) SE Runtime Environment (21.0.2+13) (build 21.0.2+13-LTS-58)
# Java VM: Java HotSpot(TM) 64-Bit Server VM (21.0.2+13-LTS-58, mixed mode, sharing, tiered, compressed oops, compressed class ptrs, g1 gc, windows-amd64)
GC Precious Log:
 CardTable entry size: 512
 Card Set container configuration: InlinePtr #cards 4 size 8 Array Of Cards #cards 16 size 48 Howl #buckets 8 coarsen threshold 3686 Howl Bitmap #cards 512 size 80 coarsen threshold 460 Card regions per heap region 1 cards per card region 4096
 CPUs: 12 total, 12 available
 Memory: 15711M
 Large Page Support: Disabled
 NUMA Support: Disabled
 Compressed Oops: Enabled (Zero based)
 Heap Region Size: 2M
 Heap Min Capacity: 8M
 Heap Initial Capacity: 246M
 Heap Max Capacity: 3928M
 Pre-touch: Disabled
 Parallel Workers: 10
 Concurrent Workers: 3
 Concurrent Refinement Workers: 10
 Periodic GC: Disabled
Heap:
 garbage-first heap   total 153600K, used 31331K [0x000000070a800000, 0x0000000800000000)
  region size 2048K, 8 young (16384K), 2 survivors (4096K)
 Metaspace       used 33874K, committed 34432K, reserved 1114112K
  class space    used 4212K, committed 4480K, reserved 1048576K
GC Heap History (14 events):
Event: 0.809 GC heap before
{Heap before GC invocations=0 (full 0):
 garbage-first heap   total 251904K, used 20480K [0x000000070a800000, 0x0000000800000000)
  region size 2048K, 11 young (22528K), 0 survivors (0K)
 Metaspace       used 6687K, committed 6848K, reserved 1114112K
  class space    used 680K, committed 768K, reserved 1048576K
}
Event: 0.814 GC heap after
{Heap after GC invocations=1 (full 0):
 garbage-first heap   total 251904K, used 7578K [0x000000070a800000, 0x0000000800000000)
  region size 2048K, 2 young (4096K), 2 survivors (4096K)
 Metaspace       used 6687K, committed 6848K, reserved 1114112K
  class space    used 680K, committed 768K, reserved 1048576K
}
Event: 2.450 GC heap before
{Heap before GC invocations=1 (full 0):
 garbage-first heap   total 251904K, used 32154K [0x000000070a800000, 0x0000000800000000)
  region size 2048K, 14 young (28672K), 2 survivors (4096K)
 Metaspace       used 12489K, committed 12736K, reserved 1114112K
  class space    used 1478K, committed 1600K, reserved 1048576K
}
Event: 2.455 GC heap after
{Heap after GC invocations=2 (full 0):
 garbage-first heap   total 251904K, used 9998K [0x000000070a800000, 0x0000000800000000)
  region size 2048K, 2 young (4096K), 2 survivors (4096K)
 Metaspace       used 12489K, committed 12736K, reserved 1114112K
  class space    used 1478K, committed 1600K, reserved 1048576K
}
Event: 2.882 GC heap before
{Heap before GC invocations=2 (full 0):
 garbage-first heap   total 251904K, used 42766K [0x000000070a800000, 0x0000000800000000)
  region size 2048K, 20 young (40960K), 2 survivors (4096K)
 Metaspace       used 21162K, committed 21504K, reserved 1114112K
  class space    used 2564K, committed 2752K, reserved 1048576K
}
Event: 2.887 GC heap after
{Heap after GC invocations=3 (full 0):
 garbage-first heap   total 251904K, used 12717K [0x000000070a800000, 0x0000000800000000)
  region size 2048K, 3 young (6144K), 3 survivors (6144K)
 Metaspace       used 21162K, committed 21504K, reserved 1114112K
  class space    used 2564K, committed 2752K, reserved 1048576K
}
Event: 3.346 GC heap before
{Heap before GC invocations=4 (full 0):
 garbage-first heap   total 55296K, used 39341K [0x000000070a800000, 0x0000000800000000)
  region size 2048K, 16 young (32768K), 3 survivors (6144K)
 Metaspace       used 23887K, committed 24256K, reserved 1114112K
  class space    used 2837K, committed 3008K, reserved 1048576K
}
Event: 3.353 GC heap after
{Heap after GC invocations=5 (full 0):
 garbage-first heap   total 55296K, used 15899K [0x000000070a800000, 0x0000000800000000)
  region size 2048K, 2 young (4096K), 2 survivors (4096K)
 Metaspace       used 23887K, committed 24256K, reserved 1114112K
  class space    used 2837K, committed 3008K, reserved 1048576K
}
Event: 3.742 GC heap before
{Heap before GC invocations=5 (full 0):
 garbage-first heap   total 55296K, used 38427K [0x000000070a800000, 0x0000000800000000)
  region size 2048K, 13 young (26624K), 2 survivors (4096K)
 Metaspace       used 26033K, committed 26432K, reserved 1114112K
  class space    used 3121K, committed 3264K, reserved 1048576K
}
Event: 3.749 GC heap after
{Heap after GC invocations=6 (full 0):
 garbage-first heap   total 55296K, used 17706K [0x000000070a800000, 0x0000000800000000)
  region size 2048K, 2 young (4096K), 2 survivors (4096K)
 Metaspace       used 26033K, committed 26432K, reserved 1114112K
  class space    used 3121K, committed 3264K, reserved 1048576K
}
Event: 4.158 GC heap before
{Heap before GC invocations=6 (full 0):
 garbage-first heap   total 55296K, used 40234K [0x000000070a800000, 0x0000000800000000)
  region size 2048K, 13 young (26624K), 2 survivors (4096K)
 Metaspace       used 27540K, committed 27904K, reserved 1114112K
  class space    used 3359K, committed 3520K, reserved 1048576K
}
Event: 4.162 GC heap after
{Heap after GC invocations=7 (full 0):
 garbage-first heap   total 55296K, used 18380K [0x000000070a800000, 0x0000000800000000)
  region size 2048K, 2 young (4096K), 2 survivors (4096K)
 Metaspace       used 27540K, committed 27904K, reserved 1114112K
  class space    used 3359K, committed 3520K, reserved 1048576K
}
Event: 4.810 GC heap before
{Heap before GC invocations=7 (full 0):
 garbage-first heap   total 55296K, used 42956K [0x000000070a800000, 0x0000000800000000)
  region size 2048K, 14 young (28672K), 2 survivors (4096K)
 Metaspace       used 32306K, committed 32896K, reserved 1114112K
  class space    used 3988K, committed 4224K, reserved 1048576K
}
Event: 4.818 GC heap after
{Heap after GC invocations=8 (full 0):
 garbage-first heap   total 153600K, used 21091K [0x000000070a800000, 0x0000000800000000)
  region size 2048K, 2 young (4096K), 2 survivors (4096K)
 Metaspace       used 32306K, committed 32896K, reserved 1114112K
  class space    used 3988K, committed 4224K, reserved 1048576K
}

