# JRE version: OpenJDK Runtime Environment Temurin-21.0.8+9 (21.0.8+9) (build 21.0.8+9-LTS)
# Java VM: OpenJDK 64-Bit Server VM Temurin-21.0.8+9 (21.0.8+9-LTS, mixed mode, sharing, tiered, compressed oops, compressed class ptrs, parallel gc, windows-amd64)
GC Precious Log:
 CardTable entry size: 512
 CPUs: 12 total, 12 available
 Memory: 15711M
 Large Page Support: Disabled
 NUMA Support: Disabled
 Compressed Oops: Enabled (32-bit)
 Alignments: Space 512K, Generation 512K, Heap 2M
 Heap Min Capacity: 100M
 Heap Initial Capacity: 100M
 Heap Max Capacity: 2G
 Pre-touch: Disabled
 Parallel Workers: 10
Heap:
 PSYoungGen      total 15360K, used 8372K [0x00000000d5580000, 0x00000000d6680000, 0x0000000100000000)
  eden space 14336K, 56% used [0x00000000d5580000,0x00000000d5d653e8,0x00000000d6380000)
  from space 1024K, 28% used [0x00000000d6480000,0x00000000d64c8000,0x00000000d6580000)
  to   space 512K, 0% used [0x00000000d6600000,0x00000000d6600000,0x00000000d6680000)
 ParOldGen       total 370688K, used 370606K [0x0000000080000000, 0x0000000096a00000, 0x00000000d5580000)
  object space 370688K, 99% used [0x0000000080000000,0x00000000969eb928,0x0000000096a00000)
 Metaspace       used 75007K, committed 76608K, reserved 1179648K
  class space    used 7938K, committed 8640K, reserved 1048576K
GC Heap History (20 events):
Event: 41.058 GC heap before
{Heap before GC invocations=375 (full 3):
 PSYoungGen      total 16384K, used 16002K [0x00000000d5580000, 0x00000000d6e00000, 0x0000000100000000)
  eden space 11776K, 100% used [0x00000000d5580000,0x00000000d6100000,0x00000000d6100000)
  from space 4608K, 91% used [0x00000000d6100000,0x00000000d65208e8,0x00000000d6580000)
  to   space 6656K, 0% used [0x00000000d6780000,0x00000000d6780000,0x00000000d6e00000)
 ParOldGen       total 351744K, used 351261K [0x0000000080000000, 0x0000000095780000, 0x00000000d5580000)
  object space 351744K, 99% used [0x0000000080000000,0x0000000095707758,0x0000000095780000)
 Metaspace       used 72701K, committed 74368K, reserved 1179648K
  class space    used 7710K, committed 8448K, reserved 1048576K
}
Event: 41.062 GC heap after
{Heap after GC invocations=375 (full 3):
 PSYoungGen      total 14336K, used 2444K [0x00000000d5580000, 0x00000000d6a00000, 0x0000000100000000)
  eden space 11776K, 0% used [0x00000000d5580000,0x00000000d5580000,0x00000000d6100000)
  from space 2560K, 95% used [0x00000000d6780000,0x00000000d69e3100,0x00000000d6a00000)
  to   space 3584K, 0% used [0x00000000d6300000,0x00000000d6300000,0x00000000d6680000)
 ParOldGen       total 355328K, used 354949K [0x0000000080000000, 0x0000000095b00000, 0x00000000d5580000)
  object space 355328K, 99% used [0x0000000080000000,0x0000000095aa1758,0x0000000095b00000)
 Metaspace       used 72701K, committed 74368K, reserved 1179648K
  class space    used 7710K, committed 8448K, reserved 1048576K
}
Event: 41.069 GC heap before
{Heap before GC invocations=376 (full 3):
 PSYoungGen      total 14336K, used 14220K [0x00000000d5580000, 0x00000000d6a00000, 0x0000000100000000)
  eden space 11776K, 100% used [0x00000000d5580000,0x00000000d6100000,0x00000000d6100000)
  from space 2560K, 95% used [0x00000000d6780000,0x00000000d69e3100,0x00000000d6a00000)
  to   space 3584K, 0% used [0x00000000d6300000,0x00000000d6300000,0x00000000d6680000)
 ParOldGen       total 355328K, used 354949K [0x0000000080000000, 0x0000000095b00000, 0x00000000d5580000)
  object space 355328K, 99% used [0x0000000080000000,0x0000000095aa1758,0x0000000095b00000)
 Metaspace       used 72701K, committed 74368K, reserved 1179648K
  class space    used 7710K, committed 8448K, reserved 1048576K
}
Event: 41.072 GC heap after
{Heap after GC invocations=376 (full 3):
 PSYoungGen      total 17408K, used 3568K [0x00000000d5580000, 0x00000000d7080000, 0x0000000100000000)
  eden space 13824K, 0% used [0x00000000d5580000,0x00000000d5580000,0x00000000d6300000)
  from space 3584K, 99% used [0x00000000d6300000,0x00000000d667c040,0x00000000d6680000)
  to   space 6656K, 0% used [0x00000000d6a00000,0x00000000d6a00000,0x00000000d7080000)
 ParOldGen       total 357376K, used 357264K [0x0000000080000000, 0x0000000095d00000, 0x00000000d5580000)
  object space 357376K, 99% used [0x0000000080000000,0x0000000095ce4358,0x0000000095d00000)
 Metaspace       used 72701K, committed 74368K, reserved 1179648K
  class space    used 7710K, committed 8448K, reserved 1048576K
}
Event: 41.085 GC heap before
{Heap before GC invocations=377 (full 3):
 PSYoungGen      total 17408K, used 17392K [0x00000000d5580000, 0x00000000d7080000, 0x0000000100000000)
  eden space 13824K, 100% used [0x00000000d5580000,0x00000000d6300000,0x00000000d6300000)
  from space 3584K, 99% used [0x00000000d6300000,0x00000000d667c040,0x00000000d6680000)
  to   space 6656K, 0% used [0x00000000d6a00000,0x00000000d6a00000,0x00000000d7080000)
 ParOldGen       total 357376K, used 357264K [0x0000000080000000, 0x0000000095d00000, 0x00000000d5580000)
  object space 357376K, 99% used [0x0000000080000000,0x0000000095ce4358,0x0000000095d00000)
 Metaspace       used 72712K, committed 74432K, reserved 1179648K
  class space    used 7710K, committed 8448K, reserved 1048576K
}
Event: 41.089 GC heap after
{Heap after GC invocations=377 (full 3):
 PSYoungGen      total 20992K, used 6368K [0x00000000d5580000, 0x00000000d7300000, 0x0000000100000000)
  eden space 14336K, 0% used [0x00000000d5580000,0x00000000d5580000,0x00000000d6380000)
  from space 6656K, 95% used [0x00000000d6a00000,0x00000000d7038050,0x00000000d7080000)
  to   space 6656K, 0% used [0x00000000d6380000,0x00000000d6380000,0x00000000d6a00000)
 ParOldGen       total 360960K, used 360760K [0x0000000080000000, 0x0000000096080000, 0x00000000d5580000)
  object space 360960K, 99% used [0x0000000080000000,0x000000009604e368,0x0000000096080000)
 Metaspace       used 72712K, committed 74432K, reserved 1179648K
  class space    used 7710K, committed 8448K, reserved 1048576K
}
Event: 43.025 GC heap before
{Heap before GC invocations=378 (full 3):
 PSYoungGen      total 20992K, used 20704K [0x00000000d5580000, 0x00000000d7300000, 0x0000000100000000)
  eden space 14336K, 100% used [0x00000000d5580000,0x00000000d6380000,0x00000000d6380000)
  from space 6656K, 95% used [0x00000000d6a00000,0x00000000d7038050,0x00000000d7080000)
  to   space 6656K, 0% used [0x00000000d6380000,0x00000000d6380000,0x00000000d6a00000)
 ParOldGen       total 360960K, used 360760K [0x0000000080000000, 0x0000000096080000, 0x00000000d5580000)
  object space 360960K, 99% used [0x0000000080000000,0x000000009604e368,0x0000000096080000)
 Metaspace       used 72886K, committed 74560K, reserved 1179648K
  class space    used 7726K, committed 8448K, reserved 1048576K
}
Event: 43.031 GC heap after
{Heap after GC invocations=378 (full 3):
 PSYoungGen      total 16896K, used 2164K [0x00000000d5580000, 0x00000000d6b80000, 0x0000000100000000)
  eden space 14336K, 0% used [0x00000000d5580000,0x00000000d5580000,0x00000000d6380000)
  from space 2560K, 84% used [0x00000000d6380000,0x00000000d659d200,0x00000000d6600000)
  to   space 4096K, 0% used [0x00000000d6780000,0x00000000d6780000,0x00000000d6b80000)
 ParOldGen       total 365568K, used 365352K [0x0000000080000000, 0x0000000096500000, 0x00000000d5580000)
  object space 365568K, 99% used [0x0000000080000000,0x00000000964ca3b8,0x0000000096500000)
 Metaspace       used 72886K, committed 74560K, reserved 1179648K
  class space    used 7726K, committed 8448K, reserved 1048576K
}
Event: 45.188 GC heap before
{Heap before GC invocations=379 (full 3):
 PSYoungGen      total 16896K, used 16497K [0x00000000d5580000, 0x00000000d6b80000, 0x0000000100000000)
  eden space 14336K, 99% used [0x00000000d5580000,0x00000000d637f488,0x00000000d6380000)
  from space 2560K, 84% used [0x00000000d6380000,0x00000000d659d200,0x00000000d6600000)
  to   space 4096K, 0% used [0x00000000d6780000,0x00000000d6780000,0x00000000d6b80000)
 ParOldGen       total 365568K, used 365352K [0x0000000080000000, 0x0000000096500000, 0x00000000d5580000)
  object space 365568K, 99% used [0x0000000080000000,0x00000000964ca3b8,0x0000000096500000)
 Metaspace       used 73009K, committed 74688K, reserved 1179648K
  class space    used 7727K, committed 8448K, reserved 1048576K
}
Event: 45.190 GC heap after
{Heap after GC invocations=379 (full 3):
 PSYoungGen      total 14848K, used 192K [0x00000000d5580000, 0x00000000d6800000, 0x0000000100000000)
  eden space 14336K, 0% used [0x00000000d5580000,0x00000000d5580000,0x00000000d6380000)
  from space 512K, 37% used [0x00000000d6780000,0x00000000d67b0000,0x00000000d6800000)
  to   space 1536K, 0% used [0x00000000d6500000,0x00000000d6500000,0x00000000d6680000)
 ParOldGen       total 367104K, used 366976K [0x0000000080000000, 0x0000000096680000, 0x00000000d5580000)
  object space 367104K, 99% used [0x0000000080000000,0x00000000966603b8,0x0000000096680000)
 Metaspace       used 73009K, committed 74688K, reserved 1179648K
  class space    used 7727K, committed 8448K, reserved 1048576K
}
Event: 270.701 GC heap before
{Heap before GC invocations=380 (full 3):
 PSYoungGen      total 14848K, used 14528K [0x00000000d5580000, 0x00000000d6800000, 0x0000000100000000)
  eden space 14336K, 100% used [0x00000000d5580000,0x00000000d6380000,0x00000000d6380000)
  from space 512K, 37% used [0x00000000d6780000,0x00000000d67b0000,0x00000000d6800000)
  to   space 1536K, 0% used [0x00000000d6500000,0x00000000d6500000,0x00000000d6680000)
 ParOldGen       total 367104K, used 366976K [0x0000000080000000, 0x0000000096680000, 0x00000000d5580000)
  object space 367104K, 99% used [0x0000000080000000,0x00000000966603b8,0x0000000096680000)
 Metaspace       used 73379K, committed 75008K, reserved 1179648K
  class space    used 7794K, committed 8512K, reserved 1048576K
}
Event: 270.704 GC heap after
{Heap after GC invocations=380 (full 3):
 PSYoungGen      total 15872K, used 596K [0x00000000d5580000, 0x00000000d6800000, 0x0000000100000000)
  eden space 14336K, 0% used [0x00000000d5580000,0x00000000d5580000,0x00000000d6380000)
  from space 1536K, 38% used [0x00000000d6500000,0x00000000d6595200,0x00000000d6680000)
  to   space 1024K, 0% used [0x00000000d6700000,0x00000000d6700000,0x00000000d6800000)
 ParOldGen       total 367104K, used 367048K [0x0000000080000000, 0x0000000096680000, 0x00000000d5580000)
  object space 367104K, 99% used [0x0000000080000000,0x00000000966723b8,0x0000000096680000)
 Metaspace       used 73379K, committed 75008K, reserved 1179648K
  class space    used 7794K, committed 8512K, reserved 1048576K
}
Event: 373.066 GC heap before
{Heap before GC invocations=381 (full 3):
 PSYoungGen      total 15872K, used 14932K [0x00000000d5580000, 0x00000000d6800000, 0x0000000100000000)
  eden space 14336K, 100% used [0x00000000d5580000,0x00000000d6380000,0x00000000d6380000)
  from space 1536K, 38% used [0x00000000d6500000,0x00000000d6595200,0x00000000d6680000)
  to   space 1024K, 0% used [0x00000000d6700000,0x00000000d6700000,0x00000000d6800000)
 ParOldGen       total 367104K, used 367048K [0x0000000080000000, 0x0000000096680000, 0x00000000d5580000)
  object space 367104K, 99% used [0x0000000080000000,0x00000000966723b8,0x0000000096680000)
 Metaspace       used 73462K, committed 75072K, reserved 1179648K
  class space    used 7800K, committed 8512K, reserved 1048576K
}
Event: 373.071 GC heap after
{Heap after GC invocations=381 (full 3):
 PSYoungGen      total 15360K, used 1024K [0x00000000d5580000, 0x00000000d6800000, 0x0000000100000000)
  eden space 14336K, 0% used [0x00000000d5580000,0x00000000d5580000,0x00000000d6380000)
  from space 1024K, 100% used [0x00000000d6700000,0x00000000d6800000,0x00000000d6800000)
  to   space 2048K, 0% used [0x00000000d6400000,0x00000000d6400000,0x00000000d6600000)
 ParOldGen       total 368128K, used 367776K [0x0000000080000000, 0x0000000096780000, 0x00000000d5580000)
  object space 368128K, 99% used [0x0000000080000000,0x00000000967283b8,0x0000000096780000)
 Metaspace       used 73462K, committed 75072K, reserved 1179648K
  class space    used 7800K, committed 8512K, reserved 1048576K
}
Event: 373.464 GC heap before
{Heap before GC invocations=382 (full 3):
 PSYoungGen      total 15360K, used 15359K [0x00000000d5580000, 0x00000000d6800000, 0x0000000100000000)
  eden space 14336K, 99% used [0x00000000d5580000,0x00000000d637fff8,0x00000000d6380000)
  from space 1024K, 100% used [0x00000000d6700000,0x00000000d6800000,0x00000000d6800000)
  to   space 2048K, 0% used [0x00000000d6400000,0x00000000d6400000,0x00000000d6600000)
 ParOldGen       total 368128K, used 367776K [0x0000000080000000, 0x0000000096780000, 0x00000000d5580000)
  object space 368128K, 99% used [0x0000000080000000,0x00000000967283b8,0x0000000096780000)
 Metaspace       used 74223K, committed 75968K, reserved 1179648K
  class space    used 7874K, committed 8640K, reserved 1048576K
}
Event: 373.467 GC heap after
{Heap after GC invocations=382 (full 3):
 PSYoungGen      total 16384K, used 1741K [0x00000000d5580000, 0x00000000d6780000, 0x0000000100000000)
  eden space 14336K, 0% used [0x00000000d5580000,0x00000000d5580000,0x00000000d6380000)
  from space 2048K, 85% used [0x00000000d6400000,0x00000000d65b3570,0x00000000d6600000)
  to   space 1536K, 0% used [0x00000000d6600000,0x00000000d6600000,0x00000000d6780000)
 ParOldGen       total 369152K, used 368856K [0x0000000080000000, 0x0000000096880000, 0x00000000d5580000)
  object space 369152K, 99% used [0x0000000080000000,0x00000000968363b8,0x0000000096880000)
 Metaspace       used 74223K, committed 75968K, reserved 1179648K
  class space    used 7874K, committed 8640K, reserved 1048576K
}
Event: 448.562 GC heap before
{Heap before GC invocations=383 (full 3):
 PSYoungGen      total 16384K, used 16077K [0x00000000d5580000, 0x00000000d6780000, 0x0000000100000000)
  eden space 14336K, 100% used [0x00000000d5580000,0x00000000d6380000,0x00000000d6380000)
  from space 2048K, 85% used [0x00000000d6400000,0x00000000d65b3570,0x00000000d6600000)
  to   space 1536K, 0% used [0x00000000d6600000,0x00000000d6600000,0x00000000d6780000)
 ParOldGen       total 369152K, used 368856K [0x0000000080000000, 0x0000000096880000, 0x00000000d5580000)
  object space 369152K, 99% used [0x0000000080000000,0x00000000968363b8,0x0000000096880000)
 Metaspace       used 74416K, committed 76096K, reserved 1179648K
  class space    used 7892K, committed 8640K, reserved 1048576K
}
Event: 448.565 GC heap after
{Heap after GC invocations=383 (full 3):
 PSYoungGen      total 14848K, used 352K [0x00000000d5580000, 0x00000000d6680000, 0x0000000100000000)
  eden space 14336K, 0% used [0x00000000d5580000,0x00000000d5580000,0x00000000d6380000)
  from space 512K, 68% used [0x00000000d6600000,0x00000000d6658000,0x00000000d6680000)
  to   space 1024K, 0% used [0x00000000d6480000,0x00000000d6480000,0x00000000d6580000)
 ParOldGen       total 370688K, used 370350K [0x0000000080000000, 0x0000000096a00000, 0x00000000d5580000)
  object space 370688K, 99% used [0x0000000080000000,0x00000000969ab928,0x0000000096a00000)
 Metaspace       used 74416K, committed 76096K, reserved 1179648K
  class space    used 7892K, committed 8640K, reserved 1048576K
}
Event: 533.360 GC heap before
{Heap before GC invocations=384 (full 3):
 PSYoungGen      total 14848K, used 14655K [0x00000000d5580000, 0x00000000d6680000, 0x0000000100000000)
  eden space 14336K, 99% used [0x00000000d5580000,0x00000000d6377db0,0x00000000d6380000)
  from space 512K, 68% used [0x00000000d6600000,0x00000000d6658000,0x00000000d6680000)
  to   space 1024K, 0% used [0x00000000d6480000,0x00000000d6480000,0x00000000d6580000)
 ParOldGen       total 370688K, used 370350K [0x0000000080000000, 0x0000000096a00000, 0x00000000d5580000)
  object space 370688K, 99% used [0x0000000080000000,0x00000000969ab928,0x0000000096a00000)
 Metaspace       used 74665K, committed 76352K, reserved 1179648K
  class space    used 7902K, committed 8640K, reserved 1048576K
}
Event: 533.362 GC heap after
{Heap after GC invocations=384 (full 3):
 PSYoungGen      total 15360K, used 288K [0x00000000d5580000, 0x00000000d6680000, 0x0000000100000000)
  eden space 14336K, 0% used [0x00000000d5580000,0x00000000d5580000,0x00000000d6380000)
  from space 1024K, 28% used [0x00000000d6480000,0x00000000d64c8000,0x00000000d6580000)
  to   space 512K, 0% used [0x00000000d6600000,0x00000000d6600000,0x00000000d6680000)
 ParOldGen       total 370688K, used 370606K [0x0000000080000000, 0x0000000096a00000, 0x00000000d5580000)
  object space 370688K, 99% used [0x0000000080000000,0x00000000969eb928,0x0000000096a00000)
 Metaspace       used 74665K, committed 76352K, reserved 1179648K
  class space    used 7902K, committed 8640K, reserved 1048576K
}

